[11.02.2025 15:32:27] [событие] Подключен к серверу команд.
[11.02.2025 15:32:27] [событие] Неизвестная команда.
[11.02.2025 15:32:29] [событие] Бот подключился к серверу 77.235.121.114:25565
[11.02.2025 15:32:29] [событие] Игрок archive подключился к игре
[11.02.2025 15:32:29] [событие] Игрок kiro4ka228 подключился к игре
[11.02.2025 15:32:29] [событие] Количество ваших аккаунтов: 15
[11.02.2025 15:32:29] [событие] nefot, manissar, nefoter1, archive, artyomgodman, zombiemummy, soulwarden, wilsonxilson, artyom_beter_, randomname, melkor, zokka_pidor, godgoodman, sosiska, wtfimplayer.
[11.02.2025 15:32:29] [событие] archive присоединился к игре
[11.02.2025 15:32:29] [событие] Вы уже авторизовались!
[11.02.2025 15:32:29] [событие] Вы уже авторизовались!
[11.02.2025 15:47:52] [событие] archive was slain by Zombie
[11.02.2025 15:57:37] [событие] Подключен к серверу команд.
[11.02.2025 15:57:37] [событие] Неизвестная команда.
[11.02.2025 15:57:39] [событие] Бот подключился к серверу 77.235.121.114:25565
[11.02.2025 15:57:39] [событие] Игрок archive подключился к игре
[11.02.2025 15:57:39] [событие] Игрок kiro4ka228 подключился к игре
[11.02.2025 15:57:39] [событие] Количество ваших аккаунтов: 15
[11.02.2025 15:57:39] [событие] nefot, manissar, nefoter1, archive, artyomgodman, zombiemummy, soulwarden, wilsonxilson, artyom_beter_, randomname, melkor, zokka_pidor, godgoodman, sosiska, wtfimplayer.
[11.02.2025 15:57:39] [событие] archive присоединился к игре
[11.02.2025 15:57:39] [событие] Вы уже авторизовались!
[11.02.2025 15:57:39] [событие] Вы уже авторизовались!
[11.02.2025 15:58:05] [событие] Подключен к серверу команд.
[11.02.2025 15:58:05] [событие] Неизвестная команда.
[11.02.2025 15:58:07] [событие] Бот подключился к серверу 77.235.121.114:25565
[11.02.2025 15:58:07] [событие] Игрок archive подключился к игре
[11.02.2025 15:58:07] [событие] Игрок kiro4ka228 подключился к игре
[11.02.2025 15:58:07] [событие] Количество ваших аккаунтов: 15
[11.02.2025 15:58:07] [событие] nefot, manissar, nefoter1, archive, artyomgodman, zombiemummy, soulwarden, wilsonxilson, artyom_beter_, randomname, melkor, zokka_pidor, godgoodman, sosiska, wtfimplayer.
[11.02.2025 15:58:07] [событие] archive присоединился к игре
[11.02.2025 15:58:08] [событие] Вы уже авторизовались!
[11.02.2025 15:58:08] [событие] Вы уже авторизовались!
[11.02.2025 15:58:16] [событие] Бот сказал: блин
[11.02.2025 15:58:16] [событие] Команда 'say' успешно выполнена.
[11.02.2025 15:58:16] <archive> блин
[11.02.2025 16:00:19] [событие] Команда 'health' успешно выполнена.
[11.02.2025 16:00:26] [событие] archive was blown up by Creeper
[11.02.2025 16:00:53] [событие] Health: ♥♥♥♥♥♥♥♥♥♥
Food: 🍗🍗🍗🍗🍗🍗🍗🍗🍗🍗
Exp: 0.0
[11.02.2025 16:00:53] [событие] Команда 'health' успешно выполнена.
[11.02.2025 16:02:03] [событие] archive was slain by Zombie
[11.02.2025 16:03:08] [событие] archive was slain by Zombie
[11.02.2025 16:03:26] [событие] Health: ♥♥♥♥♥♥♥♥♥♥
Food: 🍗🍗🍗🍗🍗🍗🍗🍗🍗🍗
Exp: 0.0
[11.02.2025 16:03:26] [событие] Команда 'health' успешно выполнена.
[11.02.2025 16:03:30] [событие] Команда 'health' успешно выполнена.
[11.02.2025 16:03:33] [событие] Команда 'health' успешно выполнена.
[11.02.2025 16:03:35] [событие] archive was slain by Zombie
[11.02.2025 16:04:02] [событие] archive was shot by Skeleton
[11.02.2025 16:04:40] [событие] archive was slain by Zombie
[11.02.2025 16:24:29] [событие] Подключен к серверу команд.
[11.02.2025 16:24:29] [событие] Неизвестная команда.
[11.02.2025 16:24:31] [событие] Бот подключился к серверу 77.235.121.114:25565
[11.02.2025 16:24:31] [событие] Игрок archive подключился к игре
[11.02.2025 16:24:31] [событие] Игрок kiro4ka228 подключился к игре
[11.02.2025 16:24:31] [событие] Игрок Glendsert подключился к игре
[11.02.2025 16:24:31] [событие] Игрок Nybik подключился к игре
[11.02.2025 16:24:31] [событие] Вы уже зарегистрировались на этом нике!
[11.02.2025 16:24:31] [событие] Количество ваших аккаунтов: 15
[11.02.2025 16:24:31] [событие] nefot, manissar, nefoter1, archive, artyomgodman, zombiemummy, soulwarden, wilsonxilson, artyom_beter_, randomname, melkor, zokka_pidor, godgoodman, sosiska, wtfimplayer.
[11.02.2025 16:24:31] [событие] archive присоединился к игре
[11.02.2025 16:25:08] [событие] Бот начинает движение к координатам x:0 y:100 z:1000
[11.02.2025 16:25:08] [событие] Команда 'move' успешно выполнена.
[11.02.2025 16:25:52] [событие] Подключен к серверу команд.
[11.02.2025 16:25:52] [событие] Неизвестная команда.
[11.02.2025 16:25:54] [событие] Бот подключился к серверу 77.235.121.114:25565
[11.02.2025 16:25:54] [событие] Игрок archive подключился к игре
[11.02.2025 16:25:54] [событие] Игрок kiro4ka228 подключился к игре
[11.02.2025 16:25:54] [событие] Игрок Glendsert подключился к игре
[11.02.2025 16:25:54] [событие] Игрок Nybik подключился к игре
[11.02.2025 16:25:54] [событие] Количество ваших аккаунтов: 15
[11.02.2025 16:25:54] [событие] nefot, manissar, nefoter1, archive, artyomgodman, zombiemummy, soulwarden, wilsonxilson, artyom_beter_, randomname, melkor, zokka_pidor, godgoodman, sosiska, wtfimplayer.
[11.02.2025 16:25:54] [событие] archive присоединился к игре
[11.02.2025 16:25:54] [событие] Вы уже авторизовались!
[11.02.2025 16:25:54] [событие] Вы уже авторизовались!
[11.02.2025 16:26:00] [событие] Бот начинает движение к координатам x:0 y:100 z:1000
[11.02.2025 16:26:00] [событие] Команда 'move' успешно выполнена.
[11.02.2025 16:26:03] [событие] Путь сброшен. Бот остановлен.
[11.02.2025 16:26:15] [событие] Бот начинает движение к координатам x:0 y:100 z:1000
[11.02.2025 16:26:15] [событие] Команда 'move' успешно выполнена.
[11.02.2025 16:26:16] <archive> Ошибка: The goal was changed before it could be completed!
[11.02.2025 16:26:19] [событие] Путь сброшен. Бот остановлен.
[11.02.2025 16:26:52] [событие] Подключен к серверу команд.
[11.02.2025 16:26:52] [событие] Неизвестная команда.
[11.02.2025 16:26:53] [событие] Бот подключился к серверу 77.235.121.114:25565
[11.02.2025 16:26:53] [событие] Игрок archive подключился к игре
[11.02.2025 16:26:53] [событие] Игрок kiro4ka228 подключился к игре
[11.02.2025 16:26:53] [событие] Игрок Glendsert подключился к игре
[11.02.2025 16:26:53] [событие] Игрок Nybik подключился к игре
[11.02.2025 16:26:54] [событие] Количество ваших аккаунтов: 15
[11.02.2025 16:26:54] [событие] nefot, manissar, nefoter1, archive, artyomgodman, zombiemummy, soulwarden, wilsonxilson, artyom_beter_, randomname, melkor, zokka_pidor, godgoodman, sosiska, wtfimplayer.
[11.02.2025 16:26:54] [событие] archive присоединился к игре
[11.02.2025 16:26:54] [событие] Вы уже авторизовались!
[11.02.2025 16:26:54] [событие] Вы уже авторизовались!
[11.02.2025 16:26:58] [событие] Команда 'health' успешно выполнена.
[11.02.2025 16:27:09] [событие] Бот начинает движение к координатам x:0 y:100 z:1000
[11.02.2025 16:27:09] [событие] Команда 'move' успешно выполнена.
[11.02.2025 16:27:12] [событие] Путь сброшен. Бот остановлен.
